[2021-04-27 22:06:08] [INFO] =============================================================================
[2021-04-27 22:06:08] [INFO] test handle:el = driver.find_element_by_android_uiautomator("new UiSelector().text(\"COVID-19: How to Protect Yourself\")"); action: el.click()

[2021-04-27 22:06:08] [INFO] candidate here is:{'idIndex': 0, 'text': u' \xb7 ', 'clickable': 'false', 'checkable': 'false', 'index': '1', 'checked': 'false', 'textIndex': 0, 'selected': 'false', 'content-desc': '', 'instance': '6', 'parent': None, 'focusable': 'false', 'long-clickable': 'false', 'focused': 'false', 'classIndex': 6, 'resource-id': 'com.twitter.android:id/supporting_text_separator', 'password': 'false', 'class': 'android.widget.TextView', 'scrollable': 'false', 'package': 'com.twitter.android', 'h': 56, 'enabled': 'true', 'bounds': '[278,650][309,706]', 'w': 31, 'y': 650, 'x': 278}
[2021-04-27 22:14:17] [INFO] =============================================================================
[2021-04-27 22:14:17] [INFO] test handle:el = driver.find_element_by_android_uiautomator("new UiSelector().text(\"COVID-19: How to Protect Yourself\")"); action: el.click()

[2021-04-27 22:14:17] [INFO] candidate here is:{'idIndex': 0, 'text': u' \xb7 ', 'clickable': 'false', 'checkable': 'false', 'index': '1', 'checked': 'false', 'textIndex': 0, 'selected': 'false', 'content-desc': '', 'instance': '6', 'parent': None, 'focusable': 'false', 'long-clickable': 'false', 'focused': 'false', 'classIndex': 6, 'resource-id': 'com.twitter.android:id/supporting_text_separator', 'password': 'false', 'class': 'android.widget.TextView', 'scrollable': 'false', 'package': 'com.twitter.android', 'h': 56, 'enabled': 'true', 'bounds': '[278,650][309,706]', 'w': 31, 'y': 650, 'x': 278}
[2021-04-27 22:15:43] [INFO] =============================================================================
[2021-04-27 22:15:43] [INFO] test handle:el = driver.find_element_by_android_uiautomator("new UiSelector().text(\"COVID-19: How to Protect Yourself\")"); action: el.click()

[2021-04-27 22:15:43] [INFO] candidate here is:{'idIndex': 0, 'text': u' \xb7 ', 'clickable': 'false', 'checkable': 'false', 'index': '1', 'checked': 'false', 'textIndex': 0, 'selected': 'false', 'content-desc': '', 'instance': '6', 'parent': None, 'focusable': 'false', 'long-clickable': 'false', 'focused': 'false', 'classIndex': 6, 'resource-id': 'com.twitter.android:id/supporting_text_separator', 'password': 'false', 'class': 'android.widget.TextView', 'scrollable': 'false', 'package': 'com.twitter.android', 'h': 56, 'enabled': 'true', 'bounds': '[278,650][309,706]', 'w': 31, 'y': 650, 'x': 278}
[2021-04-27 22:20:29] [INFO] =============================================================================
[2021-04-27 22:20:29] [INFO] test handle:el = driver.find_element_by_android_uiautomator("new UiSelector().text(\"COVID-19: How to Protect Yourself\")"); action: el.click()

[2021-04-27 22:20:29] [INFO] candidate here is:{'idIndex': 0, 'text': u' \xb7 ', 'clickable': 'false', 'checkable': 'false', 'index': '1', 'checked': 'false', 'textIndex': 0, 'selected': 'false', 'content-desc': '', 'instance': '6', 'parent': None, 'focusable': 'false', 'long-clickable': 'false', 'focused': 'false', 'classIndex': 6, 'resource-id': 'com.twitter.android:id/supporting_text_separator', 'password': 'false', 'class': 'android.widget.TextView', 'scrollable': 'false', 'package': 'com.twitter.android', 'h': 56, 'enabled': 'true', 'bounds': '[278,650][309,706]', 'w': 31, 'y': 650, 'x': 278}
[2021-04-27 22:24:20] [INFO] =============================================================================
[2021-04-27 22:24:20] [INFO] test handle:el = driver.find_element_by_android_uiautomator("new UiSelector().text(\"COVID-19: How to Protect Yourself\")"); action: el.click()

[2021-04-27 22:24:20] [INFO] candidate here is:{'idIndex': 0, 'text': u' \xb7 ', 'clickable': 'false', 'checkable': 'false', 'index': '1', 'checked': 'false', 'textIndex': 0, 'selected': 'false', 'content-desc': '', 'instance': '6', 'parent': None, 'focusable': 'false', 'long-clickable': 'false', 'focused': 'false', 'classIndex': 6, 'resource-id': 'com.twitter.android:id/supporting_text_separator', 'password': 'false', 'class': 'android.widget.TextView', 'scrollable': 'false', 'package': 'com.twitter.android', 'h': 56, 'enabled': 'true', 'bounds': '[278,650][309,706]', 'w': 31, 'y': 650, 'x': 278}
[2021-04-27 22:27:10] [INFO] =============================================================================
[2021-04-27 22:27:10] [INFO] test handle:el = driver.find_element_by_android_uiautomator("new UiSelector().text(\"COVID-19: How to Protect Yourself\")"); action: el.click()

[2021-04-27 22:27:10] [INFO] candidate here is:{'idIndex': 0, 'text': u' \xb7 ', 'clickable': 'false', 'checkable': 'false', 'index': '1', 'checked': 'false', 'textIndex': 0, 'selected': 'false', 'content-desc': '', 'instance': '6', 'parent': None, 'focusable': 'false', 'long-clickable': 'false', 'focused': 'false', 'classIndex': 6, 'resource-id': 'com.twitter.android:id/supporting_text_separator', 'password': 'false', 'class': 'android.widget.TextView', 'scrollable': 'false', 'package': 'com.twitter.android', 'h': 56, 'enabled': 'true', 'bounds': '[278,650][309,706]', 'w': 31, 'y': 650, 'x': 278}
[2021-04-27 22:27:54] [INFO] ==========test case 0 is tried===========
[2021-04-27 22:27:54] [INFO] isRepaired: isRepaired
