[2021-04-25 11:24:21] [INFO] =============================================================================
[2021-04-25 11:24:21] [INFO] test handle:el = driver.find_elements_by_class_name("android.widget.TextView")[6]; action: el.click()
; widget: {'y': 1314.0, 'x': 162.0, 'w': 783, 'h': 141}
[2021-04-25 11:24:21] [INFO] candidateThisTime: {'text': u'Settings', 'w': 160, 'h': 45, 'y': 934, 'x': 144, 'type': 'text'}
[2021-04-25 11:24:42] [INFO] ==========test case 0 is tried===========
[2021-04-25 11:24:42] [INFO] isRepaired: isRepaired
[2021-04-25 13:11:10] [INFO] =============================================================================
[2021-04-25 13:11:10] [INFO] test handle:el = driver.find_elements_by_class_name("android.widget.TextView")[6]; action: el.click()
; widget: {'y': 1314.0, 'x': 162.0, 'w': 783, 'h': 141}
[2021-04-25 13:11:10] [INFO] candidateThisTime: {'text': u'Settings', 'w': 160, 'h': 45, 'y': 933, 'x': 144, 'type': 'text'}
[2021-04-25 13:12:20] [INFO] =============================================================================
[2021-04-25 13:12:20] [INFO] test handle:el = driver.find_elements_by_class_name("android.widget.TextView")[6]; action: el.click()
; widget: {'y': 1314.0, 'x': 162.0, 'w': 783, 'h': 141}
[2021-04-25 13:12:20] [INFO] candidateThisTime: {'text': u'Settings', 'w': 160, 'h': 45, 'y': 933, 'x': 144, 'type': 'text'}
[2021-04-25 13:17:47] [INFO] =============================================================================
[2021-04-25 13:17:47] [INFO] test handle:el = driver.find_elements_by_class_name("android.widget.TextView")[6]; action: el.click()
; widget: {'y': 1314.0, 'x': 162.0, 'w': 783, 'h': 141}
[2021-04-25 13:17:47] [INFO] candidateThisTime: {'text': u'Settings', 'w': 160, 'h': 45, 'y': 933, 'x': 144, 'type': 'text'}
[2021-04-25 13:18:08] [INFO] ==========test case 0 is tried===========
[2021-04-25 13:18:08] [INFO] isRepaired: isRepaired
